<?xml version="1.0" encoding="UTF-8"?>
<testng-results ignored="0" total="1" passed="1" failed="0" skipped="0">
  <reporter-output>
  </reporter-output>
  <suite started-at="2022-08-03T08:26:16 GMT" name="Default suite" finished-at="2022-08-03T08:26:24 GMT" duration-ms="8395">
    <groups>
    </groups>
    <test started-at="2022-08-03T08:26:16 GMT" name="Default test" finished-at="2022-08-03T08:26:24 GMT" duration-ms="8395">
      <class name="Automation.Homepage">
        <test-method is-config="true" signature="initialize()[pri:0, instance:Automation.Homepage@698122b2]" started-at="2022-08-03T08:26:16 GMT" name="initialize" finished-at="2022-08-03T08:26:22 GMT" duration-ms="5983" status="PASS">
          <reporter-output>
          </reporter-output>
        </test-method> <!-- initialize -->
        <test-method signature="windowCreation()[pri:0, instance:Automation.Homepage@698122b2]" started-at="2022-08-03T08:26:22 GMT" name="windowCreation" finished-at="2022-08-03T08:26:24 GMT" duration-ms="2360" status="PASS">
          <reporter-output>
          </reporter-output>
        </test-method> <!-- windowCreation -->
      </class> <!-- Automation.Homepage -->
    </test> <!-- Default test -->
  </suite> <!-- Default suite -->
</testng-results>
